########### MACRO #############
load "Knee.any"
operation Main.MyStudy.InverseDynamics
run
exit

######### OUTPUT LOG ##########
AnyBody Console Application
AnyBodyCon.exe version : 6. 0. 6. 4503 (64-bit version) 
Build : 16948.48600
Copyright (c) 1999 - 2016 AnyBody Technology A/S


Current path: C:\Users\mel\Documents\AnyPyTools\Tutorial

#### Macro command > load "Knee.any"
Loading  Main  :  "C:\Users\mel\Documents\AnyPyTools\Tutorial\Knee.any"
Scanning...
Parsing...
Constructing model tree...
WARNING(OBJ1) :   C:\Users\mel\Documents\AnyPyTools\Tutorial\Knee.any(210)  :   'MyStudy.WarningTest'  :  This is a test warning
Linking identifiers...
Evaluating constants...
Configuring model...
Evaluating model...
Loaded successfully.
Elapsed Time : 0.026000

#### Macro command > operation Main.MyStudy.InverseDynamics

#### Macro command > run

***************************************************************************************
0) InverseDynamics (Operation: Main.MyStudy.InverseDynamics): 
0.0) PreOperation (Operation: Main.MyStudy.InverseDynamics.PreOperation): 
0.0.0) InitialConditions (Operation: Main.MyStudy.InitialConditions): 
0.0.0) ...Design variables have been updated.
0.0.1) ...Load-time positions have been re-established.
0.0.2) ...Kinematic analysis completed. The kinematic constraints have been resolved.
0.0.3) ...Initial conditions are fully updated.
0) Inverse dynamic analysis...
99) ...Inverse dynamic analysis completed
Total simulation time: 0.084

***************************************************************************************

#### Macro command > exit

Closing model...
Saving modified values...
Deleting last loaded model...
...Model deleted.
