########### MACRO #############
load "knee.any" -def N_STEP="20"
classoperation Main.MyModel.Tibia.Knee.sRel "Set Value" --value="{0.0161825144842,0.184411657982,-0.00136356166172}"
classoperation Main.MyModel.Femur.Knee.sRel "Set Value" --value="{-0.00129844902428,-0.296640887936,-0.000239956825345}"
operation Main.MyStudy.InverseDynamics
run
classoperation Main.MyStudy.Output.MaxMuscleActivity "Dump"

######### OUTPUT LOG ##########
AnyBody Console Application
AnyBodyCon.exe version : 6. 0. 6. 4503 (64-bit version) 
Build : 16948.48600
Copyright (c) 1999 - 2016 AnyBody Technology A/S


Current path: C:\Users\mel\Documents\AnyPyTools\Tutorial

#### Macro command > load "knee.any" -def N_STEP="20"
Loading  Main  :  "C:\Users\mel\Documents\AnyPyTools\Tutorial\knee.any"
Scanning...
Parsing...
Constructing model tree...
WARNING(OBJ1) :   C:\Users\mel\Documents\AnyPyTools\Tutorial\knee.any(210)  :   'MyStudy.WarningTest'  :  This is a test warning
Linking identifiers...
Evaluating constants...
Configuring model...
Evaluating model...
Loaded successfully.
Elapsed Time : 0.023000

#### Macro command > classoperation Main.MyModel.Tibia.Knee.sRel "Set Value" --value="{0.0161825144842,0.184411657982,-0.00136356166172}"

#### Macro command > classoperation Main.MyModel.Femur.Knee.sRel "Set Value" --value="{-0.00129844902428,-0.296640887936,-0.000239956825345}"

#### Macro command > operation Main.MyStudy.InverseDynamics

#### Macro command > run

***************************************************************************************
0) InverseDynamics (Operation: Main.MyStudy.InverseDynamics): 
0.0) PreOperation (Operation: Main.MyStudy.InverseDynamics.PreOperation): 
0.0.0) InitialConditions (Operation: Main.MyStudy.InitialConditions): 
0.0.0) ...Design variables have been updated.
0.0.1) ...Load-time positions have been re-established.
0.0.2) ...Kinematic analysis completed. The kinematic constraints have been resolved.
0.0.3) ...Initial conditions are fully updated.
0) Inverse dynamic analysis...
ERROR(OBJ.MCH.MUS4) :   C:\Users\mel\Documents\AnyPyTools\Tutorial\knee.any(210)  :   'MyStudy.InverseDynamics'  :  Muscle recruitment solver :  solver aborted after maximum number of line-search iterations

#### Macro command > classoperation Main.MyStudy.Output.MaxMuscleActivity "Dump"
Main.MyStudy.Output.MaxMuscleActivity = {0.00000000, 0.00000000, 0.00000000, 0.00000000, 0.00000000, 0.00000000, 0.00000000, 0.00000000, 0.00000000, 0.00000000, 0.00000000, 0.00000000, 0.00000000, 0.00000000, 0.00000000, 0.00000000, 0.00000000, 0.00000000, 0.00000000, 0.00000000};

Closing model...
Saving modified values...
Deleting last loaded model...
...Model deleted.
