########### MACRO #############
load "Knee.any"
operation operation Main.MyStudy.Kinematics
run
classoperation Main.MyStudy.Output "Save data" --type="Deep" --file="output.anydata.h5"

######### OUTPUT LOG ##########
AnyBody Console Application
AnyBodyCon.exe version : 7. 0. 1. 5467 (64-bit version) 
Build : 17353.43200
Copyright (c) 1999 - 2017 AnyBody Technology A/S


Current path: C:\Users\mel\Documents\AnyPyTools\docs\Tutorial

#### Macro command > load "Knee.any"
Loading  Main  :  "C:\Users\mel\Documents\AnyPyTools\docs\Tutorial\Knee.any"
Scanning...
Parsing...
Constructing model tree...
WARNING(OBJ1) :   C:\Users\mel\Documents\AnyPyTools\docs\Tutorial\Knee.any(210)  :   'MyStudy.WarningTest'  :  This is a test warning
Linking identifiers...
Evaluating constants...
Configuring model...
Evaluating model...
Loaded successfully.
Elapsed Time : 0.039000

#### Macro command > operation operation Main.MyStudy.Kinematics
Error : operation : identifier parameter with operation name expected.

Closing model...
Saving modified values...
Deleting last loaded model...
...Model deleted.
